p/player_112.jpg 1 0 0 189 192
p/player_111.jpg 1 0 0 254 184
p/player_110.jpg 1 0 0 112 184
p/player_109.jpg 1 0 0 271 331
p/player_108.jpg 1 0 0 160 194
p/player_107.jpg 1 0 0 156 223
p/player_106.jpg 1 0 0 379 264
p/player_105.jpg 1 0 0 235 175
p/player_104.jpg 1 0 0 189 230
p/player_103.jpg 1 0 0 422 175
p/player_102.jpg 1 0 0 115 232
p/player_101.jpg 1 0 0 156 213
p/player_100.jpg 1 0 0 228 160
p/player_99.jpg 1 0 0 247 278
p/player_98.jpg 1 0 0 208 196
p/player_97.jpg 1 0 0 141 304
p/player_96.jpg 1 0 0 240 144
p/player_95.jpg 1 0 0 314 141
p/player_94.jpg 1 0 0 110 196
p/player_93.jpg 1 0 0 100 216
p/player_92.jpg 1 0 0 165 295
p/player_91.jpg 1 0 0 160 276
p/player_90.jpg 1 0 0 122 247
p/player_89.jpg 1 0 0 230 163
p/player_20.jpg 1 0 0 165 254
p/player_7.jpg 1 0 0 264 184
p/player_22.jpg 1 0 0 136 225
p/player_21.jpg 1 0 0 160 249
p/player_19.jpg 1 0 0 211 242
p/player_18.jpg 1 0 0 136 192
p/player_17.jpg 1 0 0 228 160
p/player_16.jpg 1 0 0 105 326
p/player_15.jpg 1 0 0 156 230
p/player_14.jpg 1 0 0 220 285
p/player_13.jpg 1 0 0 228 196
p/player_12.jpg 1 0 0 144 216
p/player_11.jpg 1 0 0 208 199
p/player_10.jpg 1 0 0 252 170
p/player_9.jpg 1 0 0 228 288
p/player_8.jpg 1 0 0 156 216
p/player_6.jpg 1 0 0 136 180
p/player_5.jpg 1 0 0 141 220
p/player_4.jpg 1 0 0 141 206
p/player_3.jpg 1 0 0 168 228
p/player_2.jpg 1 0 0 254 220
p/player_1.jpg 1 0 0 333 256
p/player_0.jpg 1 0 0 153 194
p/player_88.jpg 1 0 0 158 309
p/player_87.jpg 1 0 0 177 220
p/player_86.jpg 1 0 0 216 290
p/player_85.jpg 1 0 0 134 175
p/player_84.jpg 1 0 0 168 235
p/player_83.jpg 1 0 0 96 218
p/player_82.jpg 1 0 0 254 261
p/player_81.jpg 1 0 0 273 223
p/player_80.jpg 1 0 0 177 211
p/player_79.jpg 1 0 0 295 278
p/player_78.jpg 1 0 0 144 182
p/player_77.jpg 1 0 0 139 232
p/player_76.jpg 1 0 0 134 211
p/player_75.jpg 1 0 0 194 189
p/player_74.jpg 1 0 0 156 290
p/player_73.jpg 1 0 0 151 170
p/player_72.jpg 1 0 0 146 232
p/player_71.jpg 1 0 0 136 242
p/player_70.jpg 1 0 0 151 278
p/player_69.jpg 1 0 0 213 182
p/player_68.jpg 1 0 0 247 271
p/player_67.jpg 1 0 0 175 280
p/player_66.jpg 1 0 0 115 230
p/player_65.jpg 1 0 0 108 196
p/player_64.jpg 1 0 0 132 297
p/player_63.jpg 1 0 0 139 220
p/player_62.jpg 1 0 0 84 240
p/player_61.jpg 1 0 0 115 242
p/player_60.jpg 1 0 0 218 240
p/player_59.jpg 1 0 0 242 280
p/player_58.jpg 1 0 0 218 218
p/player_57.jpg 1 0 0 148 218
p/player_56.jpg 1 0 0 141 295
p/player_55.jpg 1 0 0 184 237
p/player_54.jpg 1 0 0 177 223
p/player_53.jpg 1 0 0 199 228
p/player_52.jpg 1 0 0 292 259
p/player_51.jpg 1 0 0 120 230
p/player_50.jpg 1 0 0 120 223
p/player_49.jpg 1 0 0 158 316
p/player_48.jpg 1 0 0 148 235
p/player_47.jpg 1 0 0 129 228
p/player_46.jpg 1 0 0 105 280
p/player_45.jpg 1 0 0 146 206
p/player_44.jpg 1 0 0 153 316
p/player_43.jpg 1 0 0 136 223
p/player_42.jpg 1 0 0 208 280
p/player_41.jpg 1 0 0 151 208
p/player_40.jpg 1 0 0 165 271
p/player_39.jpg 1 0 0 120 273
p/player_38.jpg 1 0 0 184 280
p/player_37.jpg 1 0 0 134 235
p/player_36.jpg 1 0 0 124 230
p/player_35.jpg 1 0 0 172 297
p/player_34.jpg 1 0 0 146 223
p/player_33.jpg 1 0 0 91 261
p/player_32.jpg 1 0 0 105 259
p/player_31.jpg 1 0 0 112 247
p/player_30.jpg 1 0 0 98 280
p/player_29.jpg 1 0 0 206 264
p/player_28.jpg 1 0 0 136 300
p/player_27.jpg 1 0 0 132 225
p/player_26.jpg 1 0 0 122 237
p/player_25.jpg 1 0 0 144 292
p/player_24.jpg 1 0 0 153 297
p/player_23.jpg 1 0 0 127 199